Flutter crash report.
Please report a bug at https://github.com/flutter/flutter/issues.

## command

flutter run --release -d 00008120-000619E2269B401E --dart-define=DEV_PLAN=pro

## exception

_TypeError: Null check operator used on a null value

```
#0      PlistParser._parseXmlDict (package:flutter_tools/src/ios/plist_parser.dart:162:25)
#1      PlistParser._parseXml (package:flutter_tools/src/ios/plist_parser.dart:150:12)
#2      PlistParser.parseFile (package:flutter_tools/src/ios/plist_parser.dart:143:12)
#3      PlistParser.getValueFromFile (package:flutter_tools/src/ios/plist_parser.dart:201:41)
#4      IosProject._parseProductBundleIdentifier (package:flutter_tools/src/xcode_project.dart:758:41)
#5      IosProject._productBundleIdentifierWithBuildContext (package:flutter_tools/src/xcode_project.dart:744:60)
#6      IosProject.productBundleIdentifier (package:flutter_tools/src/xcode_project.dart:732:12)
<asynchronous suspension>
#7      BuildableIOSApp.fromProject (package:flutter_tools/src/ios/application_package.dart:119:37)
<asynchronous suspension>
#8      FlutterApplicationPackageFactory.getPackageForPlatform (package:flutter_tools/src/flutter_application_package.dart:79:15)
<asynchronous suspension>
#9      FlutterDevice.runCold (package:flutter_tools/src/resident_runner.dart:541:15)
<asynchronous suspension>
#10     ColdRunner.run (package:flutter_tools/src/run_cold.dart:56:28)
<asynchronous suspension>
#11     RunCommand.runCommand (package:flutter_tools/src/commands/run.dart:904:26)
<asynchronous suspension>
#12     FlutterCommand.run.<anonymous closure> (package:flutter_tools/src/runner/flutter_command.dart:1590:27)
<asynchronous suspension>
#13     AppContext.run.<anonymous closure> (package:flutter_tools/src/base/context.dart:154:19)
<asynchronous suspension>
#14     CommandRunner.runCommand (package:args/command_runner.dart:212:13)
<asynchronous suspension>
#15     FlutterCommandRunner.runCommand.<anonymous closure> (package:flutter_tools/src/runner/flutter_command_runner.dart:496:9)
<asynchronous suspension>
#16     AppContext.run.<anonymous closure> (package:flutter_tools/src/base/context.dart:154:19)
<asynchronous suspension>
#17     FlutterCommandRunner.runCommand (package:flutter_tools/src/runner/flutter_command_runner.dart:431:5)
<asynchronous suspension>
#18     FlutterCommandRunner.run.<anonymous closure> (package:flutter_tools/src/runner/flutter_command_runner.dart:307:33)
<asynchronous suspension>
#19     run.<anonymous closure>.<anonymous closure> (package:flutter_tools/runner.dart:104:11)
<asynchronous suspension>
#20     AppContext.run.<anonymous closure> (package:flutter_tools/src/base/context.dart:154:19)
<asynchronous suspension>
#21     main (package:flutter_tools/executable.dart:103:3)
<asynchronous suspension>
```

## flutter doctor

```
[32m[✓][39m Flutter (Channel stable, 3.41.9, on macOS 26.5.1 25F80 darwin-arm64, locale en-NL) [184ms]
    [32m•[39m Flutter version 3.41.9 on channel stable at /opt/homebrew/share/flutter
    [32m•[39m Upstream repository https://github.com/flutter/flutter.git
    [32m•[39m Framework revision 00b0c91f06 (10 weeks ago), 2026-04-29 10:03:19 -0700
    [32m•[39m Engine revision 42d3d75a56
    [32m•[39m Dart version 3.11.5
    [32m•[39m DevTools version 2.54.2
    [32m•[39m Feature flags: enable-web, enable-linux-desktop, enable-macos-desktop, enable-windows-desktop, enable-android, enable-ios, cli-animations,
      enable-native-assets, omit-legacy-version-file, enable-lldb-debugging, enable-uiscene-migration

[31m[✗][39m Android toolchain - develop for Android devices [140ms]
    [31m✗[39m Unable to locate Android SDK.
      Install Android Studio from: https://developer.android.com/studio/index.html
      On first launch it will assist you in installing the Android SDK components.
      (or visit https://flutter.dev/to/macos-android-setup for detailed instructions).
      If the Android SDK has been installed to a custom location, please use
      `flutter config --android-sdk` to update to that location.


[32m[✓][39m Xcode - develop for iOS and macOS (Xcode 26.6) [1,657ms]
    [32m•[39m Xcode at /Applications/Xcode.app/Contents/Developer
    [32m•[39m Build 17F113
    [32m•[39m CocoaPods version 1.16.2

[32m[✓][39m Chrome - develop for the web [2ms]
    [32m•[39m Chrome at /Applications/Google Chrome.app/Contents/MacOS/Google Chrome

[32m[✓][39m Connected device (3 available) [6.0s]
    [32m•[39m iPhone (wireless) (mobile) • 00008120-000619E2269B401E • ios            • iOS 26.5 23F77
    [32m•[39m macOS (desktop)            • macos                     • darwin-arm64   • macOS 26.5.1 25F80 darwin-arm64
    [32m•[39m Chrome (web)               • chrome                    • web-javascript • Google Chrome 149.0.7827.201
    [33m![39m Error: Browsing on the local area network for Apoorva’s Apple Watch. Ensure the device is unlocked and discoverable via Bluetooth. (code -27)

[32m[✓][39m Network resources [306ms]
    [32m•[39m All expected network resources are available.

[33m![39m Doctor found issues in 1 category.
```
